2022-12-10 17:26:18.170  INFO 3828 --- [main] API.bank.BankApplication                 : Starting BankApplication using Java 1.8.0_301 on Роман-ПК with PID 3828 (C:\Users\Роман\Desktop\учеба\finalProject\banc\target\classes started by Роман in C:\Users\Роман\Desktop\учеба\finalProject\banc)
2022-12-10 17:26:18.205  INFO 3828 --- [main] API.bank.BankApplication                 : No active profile set, falling back to 1 default profile: "default"
2022-12-10 17:26:21.787  INFO 3828 --- [main] o.s.b.w.embedded.tomcat.TomcatWebServer  : Tomcat initialized with port(s): 8080 (http)
2022-12-10 17:26:21.818  INFO 3828 --- [main] o.apache.catalina.core.StandardService   : Starting service [Tomcat]
2022-12-10 17:26:21.819  INFO 3828 --- [main] org.apache.catalina.core.StandardEngine  : Starting Servlet engine: [Apache Tomcat/9.0.69]
2022-12-10 17:26:22.449  INFO 3828 --- [main] o.a.c.c.C.[Tomcat].[localhost].[/]       : Initializing Spring embedded WebApplicationContext
2022-12-10 17:26:22.450  INFO 3828 --- [main] w.s.c.ServletWebServerApplicationContext : Root WebApplicationContext: initialization completed in 3939 ms
2022-12-10 17:26:23.586  INFO 3828 --- [main] org.hibernate.Version                    : HHH000412: Hibernate ORM core version 5.4.20.Final
2022-12-10 17:26:24.996  INFO 3828 --- [main] A.b.s.impl.UserBalanceServicesImpl       : ok
2022-12-10 17:26:25.099  INFO 3828 --- [main] o.hibernate.annotations.common.Version   : HCANN000001: Hibernate Commons Annotations {5.1.0.Final}
2022-12-10 17:26:25.495  WARN 3828 --- [main] org.hibernate.orm.connections.pooling    : HHH10001002: Using Hibernate built-in connection pool (not for production use!)
2022-12-10 17:26:25.509  INFO 3828 --- [main] org.hibernate.orm.connections.pooling    : HHH10001005: using driver [org.postgresql.Driver] at URL [jdbc:postgresql://localhost:5432/apibanc]
2022-12-10 17:26:25.511  INFO 3828 --- [main] org.hibernate.orm.connections.pooling    : HHH10001001: Connection properties: {user=postgres, password=****}
2022-12-10 17:26:25.512  INFO 3828 --- [main] org.hibernate.orm.connections.pooling    : HHH10001003: Autocommit mode: false
2022-12-10 17:26:25.521  INFO 3828 --- [main] .c.i.DriverManagerConnectionProviderImpl : HHH000115: Hibernate connection pool size: 20 (min=1)
2022-12-10 17:26:25.947  INFO 3828 --- [main] org.hibernate.dialect.Dialect            : HHH000400: Using dialect: org.hibernate.dialect.PostgreSQL9Dialect
2022-12-10 17:26:29.824  INFO 3828 --- [main] o.s.b.a.e.web.EndpointLinksResolver      : Exposing 1 endpoint(s) beneath base path '/actuator'
2022-12-10 17:26:29.977  INFO 3828 --- [main] o.s.b.w.embedded.tomcat.TomcatWebServer  : Tomcat started on port(s): 8080 (http) with context path ''
2022-12-10 17:26:30.043  INFO 3828 --- [main] API.bank.BankApplication                 : Started BankApplication in 13.297 seconds (JVM running for 16.127)
2022-12-10 17:26:31.258  INFO 3828 --- [RMI TCP Connection(2)-192.168.192.1] o.a.c.c.C.[Tomcat].[localhost].[/]       : Initializing Spring DispatcherServlet 'dispatcherServlet'
2022-12-10 17:26:31.259  INFO 3828 --- [RMI TCP Connection(2)-192.168.192.1] o.s.web.servlet.DispatcherServlet        : Initializing Servlet 'dispatcherServlet'
2022-12-10 17:26:31.262  INFO 3828 --- [RMI TCP Connection(2)-192.168.192.1] o.s.web.servlet.DispatcherServlet        : Completed initialization in 3 ms
2022-12-10 17:52:59.377  INFO 6256 --- [main] API.bank.BankApplication                 : Starting BankApplication using Java 1.8.0_301 on Роман-ПК with PID 6256 (C:\Users\Роман\Desktop\учеба\finalProject\banc\target\classes started by Роман in C:\Users\Роман\Desktop\учеба\finalProject\banc)
2022-12-10 17:52:59.387  INFO 6256 --- [main] API.bank.BankApplication                 : No active profile set, falling back to 1 default profile: "default"
2022-12-10 17:53:03.096  INFO 6256 --- [main] o.s.b.w.embedded.tomcat.TomcatWebServer  : Tomcat initialized with port(s): 8080 (http)
2022-12-10 17:53:03.129  INFO 6256 --- [main] o.apache.catalina.core.StandardService   : Starting service [Tomcat]
2022-12-10 17:53:03.131  INFO 6256 --- [main] org.apache.catalina.core.StandardEngine  : Starting Servlet engine: [Apache Tomcat/9.0.69]
2022-12-10 17:53:03.767  INFO 6256 --- [main] o.a.c.c.C.[Tomcat].[localhost].[/]       : Initializing Spring embedded WebApplicationContext
2022-12-10 17:53:03.768  INFO 6256 --- [main] w.s.c.ServletWebServerApplicationContext : Root WebApplicationContext: initialization completed in 4218 ms
2022-12-10 17:53:04.868  INFO 6256 --- [main] org.hibernate.Version                    : HHH000412: Hibernate ORM core version 5.4.20.Final
2022-12-10 17:53:06.369  INFO 6256 --- [main] o.hibernate.annotations.common.Version   : HCANN000001: Hibernate Commons Annotations {5.1.0.Final}
2022-12-10 17:53:06.749  WARN 6256 --- [main] org.hibernate.orm.connections.pooling    : HHH10001002: Using Hibernate built-in connection pool (not for production use!)
2022-12-10 17:53:06.762  INFO 6256 --- [main] org.hibernate.orm.connections.pooling    : HHH10001005: using driver [org.postgresql.Driver] at URL [jdbc:postgresql://localhost:5432/apibanc]
2022-12-10 17:53:06.763  INFO 6256 --- [main] org.hibernate.orm.connections.pooling    : HHH10001001: Connection properties: {user=postgres, password=****}
2022-12-10 17:53:06.765  INFO 6256 --- [main] org.hibernate.orm.connections.pooling    : HHH10001003: Autocommit mode: false
2022-12-10 17:53:06.774  INFO 6256 --- [main] .c.i.DriverManagerConnectionProviderImpl : HHH000115: Hibernate connection pool size: 20 (min=1)
2022-12-10 17:53:07.149  INFO 6256 --- [main] org.hibernate.dialect.Dialect            : HHH000400: Using dialect: org.hibernate.dialect.PostgreSQL9Dialect
2022-12-10 17:53:10.997  INFO 6256 --- [main] o.s.b.a.e.web.EndpointLinksResolver      : Exposing 1 endpoint(s) beneath base path '/actuator'
2022-12-10 17:53:11.145  INFO 6256 --- [main] o.s.b.w.embedded.tomcat.TomcatWebServer  : Tomcat started on port(s): 8080 (http) with context path ''
2022-12-10 17:53:11.197  INFO 6256 --- [main] API.bank.BankApplication                 : Started BankApplication in 13.365 seconds (JVM running for 15.98)
2022-12-10 17:53:13.090  INFO 6256 --- [RMI TCP Connection(3)-192.168.192.1] o.a.c.c.C.[Tomcat].[localhost].[/]       : Initializing Spring DispatcherServlet 'dispatcherServlet'
2022-12-10 17:53:13.091  INFO 6256 --- [RMI TCP Connection(3)-192.168.192.1] o.s.web.servlet.DispatcherServlet        : Initializing Servlet 'dispatcherServlet'
2022-12-10 17:53:13.094  INFO 6256 --- [RMI TCP Connection(3)-192.168.192.1] o.s.web.servlet.DispatcherServlet        : Completed initialization in 2 ms
