[INFO ] 2023-01-07 00:25:40.196 [main] A.b.BankApplication - Starting BankApplication using Java 1.8.0_301 on Роман-ПК with PID 4420 (C:\Users\Роман\Desktop\учеба\finalProject\banc\target\classes started by Роман in C:\Users\Роман\Desktop\учеба\finalProject\banc)
[INFO ] 2023-01-07 00:25:40.219 [main] A.b.BankApplication - No active profile set, falling back to 1 default profile: "default"
[INFO ] 2023-01-07 00:25:43.819 [main] o.s.b.w.e.t.TomcatWebServer - Tomcat initialized with port(s): 8080 (http)
[INFO ] 2023-01-07 00:25:43.847 [main] o.a.c.c.StandardService - Starting service [Tomcat]
[INFO ] 2023-01-07 00:25:43.848 [main] o.a.c.c.StandardEngine - Starting Servlet engine: [Apache Tomcat/9.0.69]
[INFO ] 2023-01-07 00:25:44.326 [main] o.a.c.c.C.[.[.[/] - Initializing Spring embedded WebApplicationContext
[INFO ] 2023-01-07 00:25:44.327 [main] o.s.b.w.s.c.ServletWebServerApplicationContext - Root WebApplicationContext: initialization completed in 3942 ms
[INFO ] 2023-01-07 00:25:45.124 [main] o.h.Version - HHH000412: Hibernate ORM core version 5.4.20.Final
[INFO ] 2023-01-07 00:25:46.519 [main] o.h.a.c.Version - HCANN000001: Hibernate Commons Annotations {5.1.0.Final}
[WARN ] 2023-01-07 00:25:46.772 [main] o.h.o.c.pooling - HHH10001002: Using Hibernate built-in connection pool (not for production use!)
[INFO ] 2023-01-07 00:25:46.788 [main] o.h.o.c.pooling - HHH10001005: using driver [org.postgresql.Driver] at URL [jdbc:postgresql://localhost:5432/apibanc]
[INFO ] 2023-01-07 00:25:46.789 [main] o.h.o.c.pooling - HHH10001001: Connection properties: {user=postgres, password=****}
[INFO ] 2023-01-07 00:25:46.790 [main] o.h.o.c.pooling - HHH10001003: Autocommit mode: false
[INFO ] 2023-01-07 00:25:46.796 [main] o.h.e.j.c.i.DriverManagerConnectionProviderImpl - HHH000115: Hibernate connection pool size: 20 (min=1)
[INFO ] 2023-01-07 00:25:47.062 [main] o.h.d.Dialect - HHH000400: Using dialect: org.hibernate.dialect.PostgreSQL9Dialect
[INFO ] 2023-01-07 00:25:50.002 [main] o.s.b.a.e.w.EndpointLinksResolver - Exposing 1 endpoint(s) beneath base path '/actuator'
[INFO ] 2023-01-07 00:25:50.110 [main] o.s.b.w.e.t.TomcatWebServer - Tomcat started on port(s): 8080 (http) with context path ''
[INFO ] 2023-01-07 00:25:50.144 [main] A.b.BankApplication - Started BankApplication in 11.267 seconds (JVM running for 13.642)
[INFO ] 2023-01-07 00:25:50.594 [RMI TCP Connection(4)-192.168.192.1] o.a.c.c.C.[.[.[/] - Initializing Spring DispatcherServlet 'dispatcherServlet'
[INFO ] 2023-01-07 00:25:50.594 [RMI TCP Connection(4)-192.168.192.1] o.s.w.s.DispatcherServlet - Initializing Servlet 'dispatcherServlet'
[INFO ] 2023-01-07 00:25:50.597 [RMI TCP Connection(4)-192.168.192.1] o.s.w.s.DispatcherServlet - Completed initialization in 2 ms
[INFO ] 2023-01-07 00:27:12.085 [http-nio-8080-exec-1] A.b.s.i.HistoryServiсesImpl - Получен список операций
[INFO ] 2023-01-07 00:27:12.163 [http-nio-8080-exec-1] A.b.s.i.HistoryServiсesImpl - операция добавлена в базу данных
